<?xml version="1.0" encoding="UTF-8"?>
<coverage generated="1530276626087" clover="3.2.0">
  <project timestamp="1530276626087" name="All files">
    <metrics statements="17" coveredstatements="13" conditionals="0" coveredconditionals="0" methods="8" coveredmethods="8" elements="25" coveredelements="21" complexity="0" loc="17" ncloc="17" packages="3" files="3" classes="3">
      <package name="src">
        <metrics statements="1" coveredstatements="1" conditionals="0" coveredconditionals="0" methods="0" coveredmethods="0"/>
        <file name="enzyme.setup.js" path="C:\Users\MYPC\Downloads\react-boilerplate\src\enzyme.setup.js">
          <metrics statements="1" coveredstatements="1" conditionals="0" coveredconditionals="0" methods="0" coveredmethods="0"/>
          <line num="3" count="2" type="stmt"/>
        </file>
      </package>
      <package name="src.client">
        <metrics statements="1" coveredstatements="1" conditionals="0" coveredconditionals="0" methods="1" coveredmethods="1"/>
        <file name="app.js" path="C:\Users\MYPC\Downloads\react-boilerplate\src\client\app.js">
          <metrics statements="1" coveredstatements="1" conditionals="0" coveredconditionals="0" methods="1" coveredmethods="1"/>
          <line num="4" count="1" type="stmt"/>
        </file>
      </package>
      <package name="src.server">
        <metrics statements="15" coveredstatements="11" conditionals="0" coveredconditionals="0" methods="7" coveredmethods="7"/>
        <file name="web.server.js" path="C:\Users\MYPC\Downloads\react-boilerplate\src\server\web.server.js">
          <metrics statements="15" coveredstatements="11" conditionals="0" coveredconditionals="0" methods="7" coveredmethods="7"/>
          <line num="1" count="1" type="stmt"/>
          <line num="4" count="1" type="stmt"/>
          <line num="5" count="1" type="stmt"/>
          <line num="8" count="1" type="stmt"/>
          <line num="9" count="1" type="stmt"/>
          <line num="10" count="1" type="stmt"/>
          <line num="11" count="1" type="stmt"/>
          <line num="14" count="0" type="stmt"/>
          <line num="15" count="0" type="stmt"/>
          <line num="20" count="1" type="stmt"/>
          <line num="21" count="1" type="stmt"/>
          <line num="22" count="1" type="stmt"/>
          <line num="23" count="1" type="stmt"/>
          <line num="26" count="0" type="stmt"/>
          <line num="27" count="0" type="stmt"/>
        </file>
      </package>
    </metrics>
  </project>
</coverage>
