TN:
SF:C:\Users\MYPC\Downloads\react-boilerplate\src\enzyme.setup.js
FNF:0
FNH:0
DA:3,2
LF:1
LH:1
BRF:0
BRH:0
end_of_record
TN:
SF:C:\Users\MYPC\Downloads\react-boilerplate\src\client\app.js
FN:3,(anonymous_0)
FNF:1
FNH:1
FNDA:1,(anonymous_0)
DA:4,1
LF:1
LH:1
BRF:0
BRH:0
end_of_record
TN:
SF:C:\Users\MYPC\Downloads\react-boilerplate\src\server\web.server.js
FN:3,(anonymous_0)
FN:7,(anonymous_1)
FN:8,(anonymous_2)
FN:10,(anonymous_3)
FN:19,(anonymous_4)
FN:20,(anonymous_5)
FN:22,(anonymous_6)
FNF:7
FNH:7
FNDA:1,(anonymous_0)
FNDA:1,(anonymous_1)
FNDA:1,(anonymous_2)
FNDA:1,(anonymous_3)
FNDA:1,(anonymous_4)
FNDA:1,(anonymous_5)
FNDA:1,(anonymous_6)
DA:1,1
DA:4,1
DA:5,1
DA:8,1
DA:9,1
DA:10,1
DA:11,1
DA:14,0
DA:15,0
DA:20,1
DA:21,1
DA:22,1
DA:23,1
DA:26,0
DA:27,0
LF:15
LH:11
BRF:0
BRH:0
end_of_record
